<?xml version="1.0" encoding="UTF-8"?>
<testsuite xmlns:xsi="http://www.w3.org/2001/XMLSchema-instance" xsi:noNamespaceSchemaLocation="https://maven.apache.org/surefire/maven-surefire-plugin/xsd/surefire-test-report.xsd" name="com.sap.calcacademy.calculatordb.CalculationOpsTest" time="0.24" tests="1" errors="0" skipped="0" failures="0">
  <properties>
    <property name="sun.desktop" value="windows"/>
    <property name="awt.toolkit" value="sun.awt.windows.WToolkit"/>
    <property name="file.encoding.pkg" value="sun.io"/>
    <property name="java.specification.version" value="1.8"/>
    <property name="sun.cpu.isalist" value="amd64"/>
    <property name="sun.jnu.encoding" value="Cp1252"/>
    <property name="java.class.path" value="C:\workspace_dev\CalcacademyCalculator\calcacademy\db\target\test-classes;C:\workspace_dev\CalcacademyCalculator\calcacademy\db\target\classes;C:\Users\i311648\.m2\repository\junit\junit\4.11\junit-4.11.jar;C:\Users\i311648\.m2\repository\org\hamcrest\hamcrest-core\1.3\hamcrest-core-1.3.jar;C:\Users\i311648\.m2\repository\org\eclipse\persistence\eclipselink\2.7.0\eclipselink-2.7.0.jar;C:\Users\i311648\.m2\repository\org\eclipse\persistence\commonj.sdo\2.1.1\commonj.sdo-2.1.1.jar;C:\Users\i311648\.m2\repository\javax\validation\validation-api\1.1.0.Final\validation-api-1.1.0.Final.jar;C:\Users\i311648\.m2\repository\org\glassfish\javax.json\1.0.4\javax.json-1.0.4.jar;C:\Users\i311648\.m2\repository\org\eclipse\persistence\javax.persistence\2.1.1\javax.persistence-2.1.1.jar;C:\Users\i311648\.m2\repository\org\mockito\mockito-all\1.10.19\mockito-all-1.10.19.jar;"/>
    <property name="java.vm.vendor" value="SAP AG"/>
    <property name="sun.arch.data.model" value="64"/>
    <property name="user.variant" value=""/>
    <property name="java.vendor.url" value="http://www.sap.com/"/>
    <property name="user.timezone" value="EET"/>
    <property name="com.sap.vm.type" value="opt"/>
    <property name="java.vm.specification.version" value="1.8"/>
    <property name="os.name" value="Windows 8.1"/>
    <property name="user.country" value="US"/>
    <property name="sun.java.launcher" value="SAP_STANDARD"/>
    <property name="sun.boot.library.path" value="C:\SAPJVM\sapjvm_8\jre\bin"/>
    <property name="com.sap.vm.version" value="10"/>
    <property name="surefire.test.class.path" value="C:\workspace_dev\CalcacademyCalculator\calcacademy\db\target\test-classes;C:\workspace_dev\CalcacademyCalculator\calcacademy\db\target\classes;C:\Users\i311648\.m2\repository\junit\junit\4.11\junit-4.11.jar;C:\Users\i311648\.m2\repository\org\hamcrest\hamcrest-core\1.3\hamcrest-core-1.3.jar;C:\Users\i311648\.m2\repository\org\eclipse\persistence\eclipselink\2.7.0\eclipselink-2.7.0.jar;C:\Users\i311648\.m2\repository\org\eclipse\persistence\commonj.sdo\2.1.1\commonj.sdo-2.1.1.jar;C:\Users\i311648\.m2\repository\javax\validation\validation-api\1.1.0.Final\validation-api-1.1.0.Final.jar;C:\Users\i311648\.m2\repository\org\glassfish\javax.json\1.0.4\javax.json-1.0.4.jar;C:\Users\i311648\.m2\repository\org\eclipse\persistence\javax.persistence\2.1.1\javax.persistence-2.1.1.jar;C:\Users\i311648\.m2\repository\org\mockito\mockito-all\1.10.19\mockito-all-1.10.19.jar;"/>
    <property name="sun.cpu.endian" value="little"/>
    <property name="user.home" value="C:\Users\i311648"/>
    <property name="user.language" value="en"/>
    <property name="java.specification.vendor" value="Oracle Corporation"/>
    <property name="java.home" value="C:\SAPJVM\sapjvm_8\jre"/>
    <property name="com.sap.vm.profilingserver" value="true"/>
    <property name="basedir" value="C:\workspace_dev\CalcacademyCalculator\calcacademy\db"/>
    <property name="file.separator" value="\"/>
    <property name="java.vm.compressedOopsMode" value="32-bits Oops"/>
    <property name="line.separator" value="&#10;"/>
    <property name="java.vm.specification.vendor" value="Oracle Corporation"/>
    <property name="java.specification.name" value="Java Platform API Specification"/>
    <property name="java.awt.graphicsenv" value="sun.awt.Win32GraphicsEnvironment"/>
    <property name="surefire.real.class.path" value="C:\Users\i311648\AppData\Local\Temp\surefire6705435154075608059\surefirebooter541443127126190064.jar"/>
    <property name="sun.boot.class.path" value="C:\SAPJVM\sapjvm_8\jre\lib\resources.jar;C:\SAPJVM\sapjvm_8\jre\lib\rt.jar;C:\SAPJVM\sapjvm_8\jre\lib\sunrsasign.jar;C:\SAPJVM\sapjvm_8\jre\lib\jsse.jar;C:\SAPJVM\sapjvm_8\jre\lib\jce.jar;C:\SAPJVM\sapjvm_8\jre\lib\charsets.jar;C:\SAPJVM\sapjvm_8\jre\lib\jfr.jar;C:\SAPJVM\sapjvm_8\jre\classes"/>
    <property name="user.script" value=""/>
    <property name="sun.management.compiler" value="HotSpot 64-Bit Tiered Compilers"/>
    <property name="java.runtime.version" value="8.1.009"/>
    <property name="user.name" value="I311648"/>
    <property name="com.sap.jvm.launcher.jar.mainclass" value="org.apache.maven.surefire.booter.ForkedBooter"/>
    <property name="path.separator" value=";"/>
    <property name="os.version" value="6.3"/>
    <property name="java.endorsed.dirs" value="C:\SAPJVM\sapjvm_8\jre\lib\endorsed"/>
    <property name="java.runtime.name" value="Java(TM) SE Runtime Environment"/>
    <property name="file.encoding" value="Cp1252"/>
    <property name="java.vm.name" value="SAP Java Server VM"/>
    <property name="localRepository" value="C:\Users\i311648\.m2\repository"/>
    <property name="java.vendor.url.bug" value="http://service.sap.com/support"/>
    <property name="java.io.tmpdir" value="C:\Users\i311648\AppData\Local\Temp\"/>
    <property name="java.version" value="1.8.0_51"/>
    <property name="user.dir" value="C:\workspace_dev\CalcacademyCalculator\calcacademy\db"/>
    <property name="os.arch" value="amd64"/>
    <property name="java.vm.specification.name" value="Java Virtual Machine Specification"/>
    <property name="java.awt.printerjob" value="sun.awt.windows.WPrinterJob"/>
    <property name="sun.os.patch.level" value=""/>
    <property name="com.sap.vm.codeline" value="81_REL"/>
    <property name="java.library.path" value="C:\SAPJVM\sapjvm_8\jre\bin;C:\WINDOWS\Sun\Java\bin;C:\WINDOWS\system32;C:\WINDOWS;C:/Program Files/Java/jre1.8.0_201/bin/server;C:/Program Files/Java/jre1.8.0_201/bin;C:/Program Files/Java/jre1.8.0_201/lib/amd64;C:\Program Files (x86)\Common Files\Oracle\Java\javapath;C:\Program Files (x86)\Razer Chroma SDK\bin;C:\Program Files\Razer Chroma SDK\bin;C:\oraclexe\app\oracle\product\11.2.0\server\bin;C:\SAPJVM\sapjvm_8\bin;C:\ProgramData\Oracle\Java\javapath;C:\WINDOWS\system32;C:\WINDOWS;C:\WINDOWS\System32\Wbem;C:\WINDOWS\System32\WindowsPowerShell\v1.0\;C:\Windows\CCM;C:\Program Files\Perforce;C:\WINDOWS\System32\WindowsPowerShell\v1.0;C:\maketools\bin;C:\apache-ant-1.9.6\bin;C:\XSA\bin;C:\CF\CloudFoundry;C:\Program Files\Perforce\Server;C:\Users\i311648\AppData\Roaming\npm;C:\WINDOWS\System32\WindowsPowerShell\v1.0;C:\WINDOWS\system32;C:\WINDOWS;C:\WINDOWS\System32\Wbem;C:\WINDOWS\System32\WindowsPowerShell\v1.0\;C:\apache-maven-3.1.0\bin;C:\WINDOWS\System32\OpenSSH\;C:\RailsInstaller\Ruby2.3.0\bin;C:\Program Files\Perforce\Server;C:\maketools\bin;C:\Users\i311648\AppData\Local\Microsoft\WindowsApps;C:\apache-maven-3.1.0\bin;;C:\Programs\eclipse;;."/>
    <property name="java.vm.info" value="Jul 22 2015 20:34:35 - 81_REL - optU - windows amd64 - 6 - bas2:245830 (mixed mode)"/>
    <property name="java.vendor" value="SAP AG"/>
    <property name="java.vm.version" value="8.1.009 25.51-b13"/>
    <property name="java.ext.dirs" value="C:\SAPJVM\sapjvm_8\jre\lib\ext-sap;C:\SAPJVM\sapjvm_8\jre\lib\ext;C:\WINDOWS\Sun\Java\lib\ext"/>
    <property name="sun.io.unicode.encoding" value="UnicodeLittle"/>
    <property name="java.class.version" value="52.0"/>
    <property name="com.sap.vm.compressedoops" value="true"/>
  </properties>
  <testcase name="testGetAll" classname="com.sap.calcacademy.calculatordb.CalculationOpsTest" time="0.173"/>
</testsuite>